<?xml version="1.0" encoding="UTF-8"?>
<!-- Generated by org.testng.reporters.JUnitReportReporter -->
<testsuite skipped="0" hostname="Rahul" name="com.selfpractice.HelloWorld1" tests="1" failures="0" timestamp="16 May 2018 18:46:34 GMT" time="0.031" errors="0">
  <testcase name="message" time="0.031" classname="com.selfpractice.HelloWorld1"/>
</testsuite> <!-- com.selfpractice.HelloWorld1 -->
